May 15, 2022 12:44:15 PM edu.curtin.maze.Main main
INFO: file valid
May 15, 2022 12:44:15 PM edu.curtin.maze.Read readFile
INFO: file read successful and data added to list
May 15, 2022 12:44:15 PM edu.curtin.maze.Main main
INFO: map created
May 15, 2022 12:44:21 PM edu.curtin.maze.Control controlMovement
INFO: moved south
May 15, 2022 12:44:23 PM edu.curtin.maze.Control controlMovement
INFO: moved east
May 15, 2022 12:44:25 PM edu.curtin.maze.Control controlMovement
INFO: moved north
May 15, 2022 12:44:28 PM edu.curtin.maze.Control controlMovement
INFO: moved south
May 15, 2022 12:44:34 PM edu.curtin.maze.Control controlMovement
INFO: moved west
May 15, 2022 12:44:35 PM edu.curtin.maze.Control controlMovement
INFO: moved west
May 15, 2022 12:44:37 PM edu.curtin.maze.Control controlMovement
INFO: moved north
May 15, 2022 12:44:38 PM edu.curtin.maze.Control controlMovement
INFO: moved north
May 15, 2022 12:44:39 PM edu.curtin.maze.Control controlMovement
INFO: moved west
May 15, 2022 12:44:40 PM edu.curtin.maze.Control controlMovement
INFO: moved west
May 15, 2022 12:44:42 PM edu.curtin.maze.Control controlMovement
INFO: moved south
May 15, 2022 12:44:43 PM edu.curtin.maze.Control controlMovement
INFO: moved south
May 15, 2022 12:44:44 PM edu.curtin.maze.Control controlMovement
INFO: moved east
May 15, 2022 12:44:46 PM edu.curtin.maze.Control controlMovement
INFO: moved west
May 15, 2022 12:44:48 PM edu.curtin.maze.Control controlMovement
INFO: moved north
May 15, 2022 12:44:49 PM edu.curtin.maze.Control controlMovement
INFO: moved north
May 15, 2022 12:44:50 PM edu.curtin.maze.Control controlMovement
INFO: moved east
May 15, 2022 12:44:54 PM edu.curtin.maze.Control controlMovement
INFO: moved east
May 15, 2022 12:44:55 PM edu.curtin.maze.Control controlMovement
INFO: moved south
May 15, 2022 12:45:01 PM edu.curtin.maze.Control controlMovement
INFO: moved north
May 15, 2022 12:45:02 PM edu.curtin.maze.Control controlMovement
INFO: moved east
May 15, 2022 12:45:02 PM edu.curtin.maze.Control controlMovement
INFO: moved east
May 15, 2022 12:45:03 PM edu.curtin.maze.Control controlMovement
INFO: moved east
May 15, 2022 12:45:03 PM edu.curtin.maze.Control controlMovement
INFO: moved east
May 15, 2022 12:45:04 PM edu.curtin.maze.Control controlMovement
INFO: moved south
May 15, 2022 12:45:05 PM edu.curtin.maze.Control controlMovement
INFO: moved south
May 15, 2022 12:45:05 PM edu.curtin.maze.Control controlMovement
INFO: moved south
May 15, 2022 12:45:07 PM edu.curtin.maze.Control controlMovement
INFO: moved north
May 15, 2022 12:45:07 PM edu.curtin.maze.Control controlMovement
INFO: moved north
May 15, 2022 12:45:07 PM edu.curtin.maze.Control controlMovement
INFO: moved north
May 15, 2022 12:45:07 PM edu.curtin.maze.Control controlMovement
INFO: moved north
May 15, 2022 12:45:10 PM edu.curtin.maze.Control controlMovement
INFO: moved west
May 15, 2022 12:45:10 PM edu.curtin.maze.Control controlMovement
INFO: moved west
May 15, 2022 12:45:10 PM edu.curtin.maze.Control controlMovement
INFO: moved west
May 15, 2022 12:45:10 PM edu.curtin.maze.Control controlMovement
INFO: moved west
May 15, 2022 12:45:12 PM edu.curtin.maze.Control controlMovement
INFO: moved east
May 15, 2022 12:45:12 PM edu.curtin.maze.Control controlMovement
INFO: moved east
May 15, 2022 12:45:14 PM edu.curtin.maze.Control controlMovement
INFO: moved west
May 15, 2022 12:45:16 PM edu.curtin.maze.Control controlMovement
INFO: moved north
May 15, 2022 12:45:18 PM edu.curtin.maze.Control controlMovement
INFO: moved south
May 15, 2022 12:45:19 PM edu.curtin.maze.Control controlMovement
INFO: moved south
May 15, 2022 12:45:21 PM edu.curtin.maze.Control controlMovement
INFO: moved east
May 15, 2022 12:45:22 PM edu.curtin.maze.Control controlMovement
INFO: moved east
May 15, 2022 12:45:24 PM edu.curtin.maze.Control controlMovement
INFO: moved south
May 15, 2022 12:45:26 PM edu.curtin.maze.Control controlMovement
INFO: moved west
May 15, 2022 12:45:28 PM edu.curtin.maze.Control controlMovement
INFO: moved south
May 15, 2022 12:45:30 PM edu.curtin.maze.Control controlMovement
INFO: moved east
May 15, 2022 12:45:32 PM edu.curtin.maze.Control controlMovement
INFO: moved east
May 15, 2022 12:45:33 PM edu.curtin.maze.Control controlMovement
INFO: moved east
May 15, 2022 12:45:34 PM edu.curtin.maze.Control controlMovement
INFO: moved north
May 15, 2022 12:45:36 PM edu.curtin.maze.Control controlMovement
INFO: moved north
May 15, 2022 12:45:38 PM edu.curtin.maze.Control controlMovement
INFO: moved south
May 15, 2022 12:45:39 PM edu.curtin.maze.Control controlMovement
INFO: moved south
May 15, 2022 12:45:42 PM edu.curtin.maze.Control controlMovement
INFO: moved south
May 15, 2022 12:45:43 PM edu.curtin.maze.Control controlMovement
INFO: moved west
May 15, 2022 12:45:44 PM edu.curtin.maze.Control controlMovement
INFO: moved west
May 15, 2022 12:45:44 PM edu.curtin.maze.Control controlMovement
INFO: moved west
May 15, 2022 12:45:44 PM edu.curtin.maze.Control controlMovement
INFO: moved west
May 15, 2022 12:45:45 PM edu.curtin.maze.Control controlMovement
INFO: moved north
May 15, 2022 12:45:45 PM edu.curtin.maze.Control controlMovement
INFO: moved north
May 15, 2022 12:45:47 PM edu.curtin.maze.Control controlMovement
INFO: moved east
May 15, 2022 12:45:48 PM edu.curtin.maze.Control controlMovement
INFO: moved north
May 15, 2022 12:45:50 PM edu.curtin.maze.Control controlMovement
INFO: moved west
May 15, 2022 12:45:50 PM edu.curtin.maze.Control controlMovement
INFO: moved west
May 15, 2022 12:45:52 PM edu.curtin.maze.Control controlMovement
INFO: moved south
May 15, 2022 12:45:53 PM edu.curtin.maze.Control controlMovement
INFO: moved south
May 15, 2022 12:45:55 PM edu.curtin.maze.Control controlMovement
INFO: moved west
May 15, 2022 12:45:56 PM edu.curtin.maze.Control controlMovement
INFO: moved west
May 15, 2022 12:45:58 PM edu.curtin.maze.Control controlMovement
INFO: moved north
May 15, 2022 12:46:00 PM edu.curtin.maze.Control controlMovement
INFO: moved east
May 15, 2022 12:46:00 PM edu.curtin.maze.Main main
INFO: ended
